<?xml version="1.0" encoding="UTF-8"?>
<coverage generated="1755624721371" clover="3.2.0">
  <project timestamp="1755624721371" name="All files">
    <metrics statements="114" coveredstatements="78" conditionals="49" coveredconditionals="29" methods="23" coveredmethods="13" elements="186" coveredelements="120" complexity="0" loc="114" ncloc="114" packages="1" files="1" classes="1"/>
    <file name="service.js" path="F:\Projects\personal\webrtc-client-1to1-mobile\services\signalr\service.js">
      <metrics statements="114" coveredstatements="78" conditionals="49" coveredconditionals="29" methods="23" coveredmethods="13"/>
      <line num="6" count="1" type="stmt"/>
      <line num="7" count="1" type="stmt"/>
      <line num="8" count="1" type="stmt"/>
      <line num="9" count="1" type="stmt"/>
      <line num="10" count="1" type="stmt"/>
      <line num="11" count="1" type="stmt"/>
      <line num="15" count="0" type="stmt"/>
      <line num="19" count="1" type="cond" truecount="1" falsecount="1"/>
      <line num="20" count="1" type="stmt"/>
      <line num="27" count="9" type="stmt"/>
      <line num="28" count="9" type="stmt"/>
      <line num="29" count="9" type="cond" truecount="1" falsecount="1"/>
      <line num="30" count="0" type="stmt"/>
      <line num="33" count="9" type="stmt"/>
      <line num="36" count="9" type="stmt"/>
      <line num="38" count="0" type="stmt"/>
      <line num="44" count="0" type="cond" truecount="0" falsecount="2"/>
      <line num="45" count="0" type="stmt"/>
      <line num="47" count="0" type="stmt"/>
      <line num="56" count="9" type="stmt"/>
      <line num="60" count="9" type="stmt"/>
      <line num="65" count="9" type="stmt"/>
      <line num="66" count="9" type="stmt"/>
      <line num="68" count="9" type="stmt"/>
      <line num="71" count="9" type="stmt"/>
      <line num="72" count="0" type="stmt"/>
      <line num="77" count="9" type="stmt"/>
      <line num="79" count="0" type="stmt"/>
      <line num="80" count="0" type="stmt"/>
      <line num="82" count="0" type="stmt"/>
      <line num="87" count="5" type="cond" truecount="2" falsecount="0"/>
      <line num="88" count="1" type="stmt"/>
      <line num="89" count="1" type="stmt"/>
      <line num="92" count="4" type="stmt"/>
      <line num="93" count="4" type="stmt"/>
      <line num="94" count="2" type="stmt"/>
      <line num="95" count="2" type="cond" truecount="2" falsecount="0"/>
      <line num="96" count="1" type="stmt"/>
      <line num="98" count="2" type="stmt"/>
      <line num="100" count="2" type="stmt"/>
      <line num="101" count="2" type="stmt"/>
      <line num="106" count="2" type="cond" truecount="2" falsecount="0"/>
      <line num="107" count="1" type="stmt"/>
      <line num="108" count="1" type="stmt"/>
      <line num="111" count="1" type="stmt"/>
      <line num="112" count="1" type="stmt"/>
      <line num="113" count="1" type="stmt"/>
      <line num="114" count="1" type="stmt"/>
      <line num="115" count="1" type="stmt"/>
      <line num="117" count="0" type="stmt"/>
      <line num="118" count="0" type="stmt"/>
      <line num="123" count="0" type="cond" truecount="0" falsecount="2"/>
      <line num="124" count="0" type="stmt"/>
      <line num="125" count="0" type="stmt"/>
      <line num="126" count="0" type="stmt"/>
      <line num="129" count="0" type="stmt"/>
      <line num="130" count="0" type="stmt"/>
      <line num="136" count="0" type="stmt"/>
      <line num="137" count="0" type="cond" truecount="0" falsecount="2"/>
      <line num="138" count="0" type="stmt"/>
      <line num="144" count="20" type="cond" truecount="1" falsecount="1"/>
      <line num="145" count="20" type="stmt"/>
      <line num="146" count="20" type="stmt"/>
      <line num="147" count="20" type="stmt"/>
      <line num="148" count="20" type="stmt"/>
      <line num="150" count="0" type="stmt"/>
      <line num="152" count="20" type="stmt"/>
      <line num="158" count="12" type="cond" truecount="4" falsecount="0"/>
      <line num="159" count="3" type="stmt"/>
      <line num="161" count="9" type="cond" truecount="2" falsecount="0"/>
      <line num="162" count="2" type="stmt"/>
      <line num="165" count="7" type="cond" truecount="2" falsecount="0"/>
      <line num="166" count="6" type="stmt"/>
      <line num="168" count="7" type="stmt"/>
      <line num="172" count="2" type="cond" truecount="3" falsecount="1"/>
      <line num="173" count="0" type="stmt"/>
      <line num="175" count="2" type="cond" truecount="1" falsecount="1"/>
      <line num="176" count="0" type="stmt"/>
      <line num="178" count="2" type="cond" truecount="1" falsecount="1"/>
      <line num="179" count="2" type="stmt"/>
      <line num="180" count="2" type="cond" truecount="1" falsecount="1"/>
      <line num="181" count="2" type="stmt"/>
      <line num="182" count="2" type="cond" truecount="1" falsecount="1"/>
      <line num="183" count="2" type="stmt"/>
      <line num="191" count="1" type="stmt"/>
      <line num="192" count="1" type="stmt"/>
      <line num="193" count="1" type="stmt"/>
      <line num="195" count="0" type="stmt"/>
      <line num="198" count="1" type="stmt"/>
      <line num="201" count="1" type="stmt"/>
      <line num="205" count="7" type="stmt"/>
      <line num="206" count="7" type="cond" truecount="2" falsecount="0"/>
      <line num="207" count="5" type="stmt"/>
      <line num="208" count="6" type="stmt"/>
      <line num="209" count="6" type="stmt"/>
      <line num="211" count="1" type="stmt"/>
      <line num="229" count="9" type="stmt"/>
      <line num="230" count="0" type="stmt"/>
      <line num="231" count="0" type="stmt"/>
      <line num="234" count="0" type="cond" truecount="0" falsecount="2"/>
      <line num="235" count="0" type="stmt"/>
      <line num="239" count="9" type="stmt"/>
      <line num="240" count="0" type="stmt"/>
      <line num="241" count="0" type="stmt"/>
      <line num="244" count="9" type="stmt"/>
      <line num="245" count="0" type="stmt"/>
      <line num="246" count="0" type="stmt"/>
      <line num="248" count="0" type="stmt"/>
      <line num="249" count="0" type="stmt"/>
      <line num="251" count="0" type="stmt"/>
      <line num="256" count="20" type="stmt"/>
      <line num="257" count="20" type="stmt"/>
      <line num="258" count="20" type="stmt"/>
      <line num="262" count="1" type="stmt"/>
    </file>
  </project>
</coverage>
