{"F:\\Projects\\personal\\webrtc-client-1to1-mobile\\services\\signalr\\service.js": {"path":"F:\\Projects\\personal\\webrtc-client-1to1-mobile\\services\\signalr\\service.js","statementMap":{"0":{"start":{"line":6,"column":16},"end":{"line":6,"column":20}},"1":{"start":{"line":7,"column":25},"end":{"line":7,"column":34}},"2":{"start":{"line":8,"column":12},"end":{"line":8,"column":14}},"3":{"start":{"line":9,"column":23},"end":{"line":9,"column":24}},"4":{"start":{"line":10,"column":26},"end":{"line":10,"column":27}},"5":{"start":{"line":11,"column":20},"end":{"line":11,"column":24}},"6":{"start":{"line":15,"column":4},"end":{"line":15,"column":28}},"7":{"start":{"line":19,"column":6},"end":{"line":19,"column":72}},"8":{"start":{"line":20,"column":4},"end":{"line":23,"column":6}},"9":{"start":{"line":27,"column":4},"end":{"line":83,"column":5}},"10":{"start":{"line":28,"column":21},"end":{"line":28,"column":52}},"11":{"start":{"line":29,"column":6},"end":{"line":31,"column":7}},"12":{"start":{"line":30,"column":8},"end":{"line":30,"column":70}},"13":{"start":{"line":33,"column":26},"end":{"line":33,"column":67}},"14":{"start":{"line":36,"column":6},"end":{"line":54,"column":17}},"15":{"start":{"line":38,"column":36},"end":{"line":38,"column":64}},"16":{"start":{"line":44,"column":12},"end":{"line":46,"column":13}},"17":{"start":{"line":45,"column":14},"end":{"line":45,"column":23}},"18":{"start":{"line":47,"column":12},"end":{"line":50,"column":14}},"19":{"start":{"line":56,"column":30},"end":{"line":59,"column":7}},"20":{"start":{"line":60,"column":26},"end":{"line":63,"column":7}},"21":{"start":{"line":65,"column":6},"end":{"line":65,"column":69}},"22":{"start":{"line":66,"column":6},"end":{"line":66,"column":69}},"23":{"start":{"line":68,"column":6},"end":{"line":76,"column":9}},"24":{"start":{"line":71,"column":10},"end":{"line":74,"column":11}},"25":{"start":{"line":72,"column":18},"end":{"line":72,"column":74}},"26":{"start":{"line":77,"column":6},"end":{"line":77,"column":37}},"27":{"start":{"line":79,"column":6},"end":{"line":79,"column":65}},"28":{"start":{"line":80,"column":6},"end":{"line":80,"column":63}},"29":{"start":{"line":82,"column":6},"end":{"line":82,"column":38}},"30":{"start":{"line":87,"column":4},"end":{"line":90,"column":5}},"31":{"start":{"line":88,"column":6},"end":{"line":88,"column":65}},"32":{"start":{"line":89,"column":6},"end":{"line":89,"column":19}},"33":{"start":{"line":92,"column":4},"end":{"line":102,"column":5}},"34":{"start":{"line":93,"column":6},"end":{"line":93,"column":61}},"35":{"start":{"line":94,"column":6},"end":{"line":94,"column":70}},"36":{"start":{"line":95,"column":6},"end":{"line":97,"column":7}},"37":{"start":{"line":96,"column":8},"end":{"line":96,"column":37}},"38":{"start":{"line":98,"column":6},"end":{"line":98,"column":18}},"39":{"start":{"line":100,"column":6},"end":{"line":100,"column":74}},"40":{"start":{"line":101,"column":6},"end":{"line":101,"column":19}},"41":{"start":{"line":106,"column":4},"end":{"line":109,"column":5}},"42":{"start":{"line":107,"column":6},"end":{"line":107,"column":66}},"43":{"start":{"line":108,"column":6},"end":{"line":108,"column":19}},"44":{"start":{"line":111,"column":4},"end":{"line":119,"column":5}},"45":{"start":{"line":112,"column":6},"end":{"line":112,"column":66}},"46":{"start":{"line":113,"column":6},"end":{"line":113,"column":68}},"47":{"start":{"line":114,"column":6},"end":{"line":114,"column":73}},"48":{"start":{"line":114,"column":52},"end":{"line":114,"column":71}},"49":{"start":{"line":115,"column":6},"end":{"line":115,"column":18}},"50":{"start":{"line":117,"column":6},"end":{"line":117,"column":75}},"51":{"start":{"line":118,"column":6},"end":{"line":118,"column":19}},"52":{"start":{"line":123,"column":4},"end":{"line":127,"column":5}},"53":{"start":{"line":124,"column":6},"end":{"line":124,"column":64}},"54":{"start":{"line":125,"column":6},"end":{"line":125,"column":60}},"55":{"start":{"line":126,"column":6},"end":{"line":126,"column":13}},"56":{"start":{"line":129,"column":4},"end":{"line":129,"column":30}},"57":{"start":{"line":130,"column":4},"end":{"line":134,"column":6}},"58":{"start":{"line":136,"column":4},"end":{"line":140,"column":29}},"59":{"start":{"line":137,"column":6},"end":{"line":139,"column":7}},"60":{"start":{"line":138,"column":8},"end":{"line":138,"column":37}},"61":{"start":{"line":144,"column":4},"end":{"line":154,"column":5}},"62":{"start":{"line":145,"column":6},"end":{"line":153,"column":7}},"63":{"start":{"line":146,"column":8},"end":{"line":146,"column":38}},"64":{"start":{"line":147,"column":8},"end":{"line":147,"column":40}},"65":{"start":{"line":148,"column":8},"end":{"line":148,"column":51}},"66":{"start":{"line":150,"column":8},"end":{"line":150,"column":67}},"67":{"start":{"line":152,"column":8},"end":{"line":152,"column":42}},"68":{"start":{"line":158,"column":4},"end":{"line":160,"column":5}},"69":{"start":{"line":159,"column":6},"end":{"line":159,"column":63}},"70":{"start":{"line":161,"column":4},"end":{"line":163,"column":5}},"71":{"start":{"line":162,"column":6},"end":{"line":162,"column":53}},"72":{"start":{"line":165,"column":4},"end":{"line":167,"column":5}},"73":{"start":{"line":166,"column":6},"end":{"line":166,"column":58}},"74":{"start":{"line":168,"column":4},"end":{"line":168,"column":59}},"75":{"start":{"line":172,"column":4},"end":{"line":174,"column":5}},"76":{"start":{"line":173,"column":6},"end":{"line":173,"column":63}},"77":{"start":{"line":175,"column":4},"end":{"line":177,"column":5}},"78":{"start":{"line":176,"column":6},"end":{"line":176,"column":53}},"79":{"start":{"line":178,"column":4},"end":{"line":186,"column":5}},"80":{"start":{"line":179,"column":27},"end":{"line":179,"column":67}},"81":{"start":{"line":180,"column":6},"end":{"line":185,"column":7}},"82":{"start":{"line":181,"column":8},"end":{"line":181,"column":38}},"83":{"start":{"line":182,"column":8},"end":{"line":184,"column":9}},"84":{"start":{"line":183,"column":10},"end":{"line":183,"column":54}},"85":{"start":{"line":191,"column":28},"end":{"line":200,"column":5}},"86":{"start":{"line":192,"column":6},"end":{"line":199,"column":7}},"87":{"start":{"line":193,"column":8},"end":{"line":193,"column":19}},"88":{"start":{"line":195,"column":8},"end":{"line":195,"column":73}},"89":{"start":{"line":198,"column":8},"end":{"line":198,"column":50}},"90":{"start":{"line":201,"column":4},"end":{"line":201,"column":45}},"91":{"start":{"line":205,"column":4},"end":{"line":205,"column":65}},"92":{"start":{"line":206,"column":4},"end":{"line":214,"column":5}},"93":{"start":{"line":207,"column":6},"end":{"line":213,"column":9}},"94":{"start":{"line":208,"column":8},"end":{"line":212,"column":9}},"95":{"start":{"line":209,"column":10},"end":{"line":209,"column":25}},"96":{"start":{"line":211,"column":10},"end":{"line":211,"column":75}},"97":{"start":{"line":229,"column":4},"end":{"line":237,"column":6}},"98":{"start":{"line":230,"column":6},"end":{"line":230,"column":55}},"99":{"start":{"line":231,"column":6},"end":{"line":231,"column":52}},"100":{"start":{"line":234,"column":6},"end":{"line":236,"column":7}},"101":{"start":{"line":235,"column":8},"end":{"line":235,"column":40}},"102":{"start":{"line":239,"column":4},"end":{"line":242,"column":6}},"103":{"start":{"line":240,"column":6},"end":{"line":240,"column":53}},"104":{"start":{"line":241,"column":6},"end":{"line":241,"column":52}},"105":{"start":{"line":244,"column":4},"end":{"line":252,"column":6}},"106":{"start":{"line":245,"column":6},"end":{"line":245,"column":34}},"107":{"start":{"line":246,"column":6},"end":{"line":246,"column":56}},"108":{"start":{"line":248,"column":6},"end":{"line":250,"column":9}},"109":{"start":{"line":249,"column":8},"end":{"line":249,"column":31}},"110":{"start":{"line":251,"column":6},"end":{"line":251,"column":58}},"111":{"start":{"line":256,"column":4},"end":{"line":256,"column":36}},"112":{"start":{"line":257,"column":4},"end":{"line":257,"column":43}},"113":{"start":{"line":258,"column":4},"end":{"line":258,"column":42}},"114":{"start":{"line":262,"column":23},"end":{"line":262,"column":43}}},"fnMap":{"0":{"name":"(anonymous_0)","decl":{"start":{"line":14,"column":2},"end":{"line":14,"column":3}},"loc":{"start":{"line":14,"column":19},"end":{"line":16,"column":3}},"line":14},"1":{"name":"(anonymous_1)","decl":{"start":{"line":17,"column":2},"end":{"line":17,"column":3}},"loc":{"start":{"line":17,"column":25},"end":{"line":24,"column":3}},"line":17},"2":{"name":"(anonymous_2)","decl":{"start":{"line":26,"column":2},"end":{"line":26,"column":3}},"loc":{"start":{"line":26,"column":26},"end":{"line":84,"column":3}},"line":26},"3":{"name":"(anonymous_3)","decl":{"start":{"line":38,"column":30},"end":{"line":38,"column":31}},"loc":{"start":{"line":38,"column":36},"end":{"line":38,"column":64}},"line":38},"4":{"name":"(anonymous_4)","decl":{"start":{"line":43,"column":40},"end":{"line":43,"column":41}},"loc":{"start":{"line":43,"column":58},"end":{"line":51,"column":11}},"line":43},"5":{"name":"(anonymous_5)","decl":{"start":{"line":70,"column":20},"end":{"line":70,"column":21}},"loc":{"start":{"line":71,"column":10},"end":{"line":74,"column":11}},"line":71},"6":{"name":"(anonymous_6)","decl":{"start":{"line":72,"column":12},"end":{"line":72,"column":13}},"loc":{"start":{"line":72,"column":18},"end":{"line":72,"column":74}},"line":72},"7":{"name":"(anonymous_7)","decl":{"start":{"line":86,"column":2},"end":{"line":86,"column":3}},"loc":{"start":{"line":86,"column":30},"end":{"line":103,"column":3}},"line":86},"8":{"name":"(anonymous_8)","decl":{"start":{"line":105,"column":2},"end":{"line":105,"column":3}},"loc":{"start":{"line":105,"column":35},"end":{"line":120,"column":3}},"line":105},"9":{"name":"(anonymous_9)","decl":{"start":{"line":114,"column":41},"end":{"line":114,"column":42}},"loc":{"start":{"line":114,"column":52},"end":{"line":114,"column":71}},"line":114},"10":{"name":"(anonymous_10)","decl":{"start":{"line":122,"column":2},"end":{"line":122,"column":3}},"loc":{"start":{"line":122,"column":29},"end":{"line":141,"column":3}},"line":122},"11":{"name":"(anonymous_11)","decl":{"start":{"line":136,"column":15},"end":{"line":136,"column":16}},"loc":{"start":{"line":136,"column":27},"end":{"line":140,"column":5}},"line":136},"12":{"name":"(anonymous_12)","decl":{"start":{"line":143,"column":2},"end":{"line":143,"column":3}},"loc":{"start":{"line":143,"column":25},"end":{"line":155,"column":3}},"line":143},"13":{"name":"(anonymous_13)","decl":{"start":{"line":157,"column":2},"end":{"line":157,"column":3}},"loc":{"start":{"line":157,"column":31},"end":{"line":169,"column":3}},"line":157},"14":{"name":"(anonymous_14)","decl":{"start":{"line":171,"column":2},"end":{"line":171,"column":3}},"loc":{"start":{"line":171,"column":32},"end":{"line":187,"column":3}},"line":171},"15":{"name":"(anonymous_15)","decl":{"start":{"line":190,"column":2},"end":{"line":190,"column":3}},"loc":{"start":{"line":190,"column":28},"end":{"line":202,"column":3}},"line":190},"16":{"name":"(anonymous_16)","decl":{"start":{"line":191,"column":28},"end":{"line":191,"column":29}},"loc":{"start":{"line":191,"column":34},"end":{"line":200,"column":5}},"line":191},"17":{"name":"(anonymous_17)","decl":{"start":{"line":204,"column":2},"end":{"line":204,"column":3}},"loc":{"start":{"line":204,"column":42},"end":{"line":215,"column":3}},"line":204},"18":{"name":"(anonymous_18)","decl":{"start":{"line":207,"column":55},"end":{"line":207,"column":56}},"loc":{"start":{"line":207,"column":69},"end":{"line":213,"column":7}},"line":207},"19":{"name":"(anonymous_19)","decl":{"start":{"line":229,"column":31},"end":{"line":229,"column":32}},"loc":{"start":{"line":229,"column":48},"end":{"line":237,"column":5}},"line":229},"20":{"name":"(anonymous_20)","decl":{"start":{"line":239,"column":38},"end":{"line":239,"column":39}},"loc":{"start":{"line":239,"column":49},"end":{"line":242,"column":5}},"line":239},"21":{"name":"(anonymous_21)","decl":{"start":{"line":244,"column":37},"end":{"line":244,"column":38}},"loc":{"start":{"line":244,"column":55},"end":{"line":252,"column":5}},"line":244},"22":{"name":"(anonymous_22)","decl":{"start":{"line":248,"column":27},"end":{"line":248,"column":28}},"loc":{"start":{"line":248,"column":38},"end":{"line":250,"column":7}},"line":248}},"branchMap":{"0":{"loc":{"start":{"line":19,"column":6},"end":{"line":19,"column":72}},"type":"binary-expr","locations":[{"start":{"line":19,"column":6},"end":{"line":19,"column":29}},{"start":{"line":19,"column":33},"end":{"line":19,"column":72}}],"line":19},"1":{"loc":{"start":{"line":22,"column":20},"end":{"line":22,"column":58}},"type":"binary-expr","locations":[{"start":{"line":22,"column":20},"end":{"line":22,"column":50}},{"start":{"line":22,"column":54},"end":{"line":22,"column":58}}],"line":22},"2":{"loc":{"start":{"line":29,"column":6},"end":{"line":31,"column":7}},"type":"if","locations":[{"start":{"line":29,"column":6},"end":{"line":31,"column":7}},{"start":{},"end":{}}],"line":29},"3":{"loc":{"start":{"line":44,"column":12},"end":{"line":46,"column":13}},"type":"if","locations":[{"start":{"line":44,"column":12},"end":{"line":46,"column":13}},{"start":{},"end":{}}],"line":44},"4":{"loc":{"start":{"line":57,"column":8},"end":{"line":57,"column":68}},"type":"binary-expr","locations":[{"start":{"line":57,"column":8},"end":{"line":57,"column":57}},{"start":{"line":57,"column":61},"end":{"line":57,"column":68}}],"line":57},"5":{"loc":{"start":{"line":61,"column":8},"end":{"line":61,"column":63}},"type":"binary-expr","locations":[{"start":{"line":61,"column":8},"end":{"line":61,"column":52}},{"start":{"line":61,"column":56},"end":{"line":61,"column":63}}],"line":61},"6":{"loc":{"start":{"line":87,"column":4},"end":{"line":90,"column":5}},"type":"if","locations":[{"start":{"line":87,"column":4},"end":{"line":90,"column":5}},{"start":{},"end":{}}],"line":87},"7":{"loc":{"start":{"line":95,"column":6},"end":{"line":97,"column":7}},"type":"if","locations":[{"start":{"line":95,"column":6},"end":{"line":97,"column":7}},{"start":{},"end":{}}],"line":95},"8":{"loc":{"start":{"line":106,"column":4},"end":{"line":109,"column":5}},"type":"if","locations":[{"start":{"line":106,"column":4},"end":{"line":109,"column":5}},{"start":{},"end":{}}],"line":106},"9":{"loc":{"start":{"line":123,"column":4},"end":{"line":127,"column":5}},"type":"if","locations":[{"start":{"line":123,"column":4},"end":{"line":127,"column":5}},{"start":{},"end":{}}],"line":123},"10":{"loc":{"start":{"line":137,"column":6},"end":{"line":139,"column":7}},"type":"if","locations":[{"start":{"line":137,"column":6},"end":{"line":139,"column":7}},{"start":{},"end":{}}],"line":137},"11":{"loc":{"start":{"line":144,"column":4},"end":{"line":154,"column":5}},"type":"if","locations":[{"start":{"line":144,"column":4},"end":{"line":154,"column":5}},{"start":{},"end":{}}],"line":144},"12":{"loc":{"start":{"line":158,"column":4},"end":{"line":160,"column":5}},"type":"if","locations":[{"start":{"line":158,"column":4},"end":{"line":160,"column":5}},{"start":{},"end":{}}],"line":158},"13":{"loc":{"start":{"line":158,"column":8},"end":{"line":158,"column":58}},"type":"binary-expr","locations":[{"start":{"line":158,"column":8},"end":{"line":158,"column":37}},{"start":{"line":158,"column":41},"end":{"line":158,"column":58}}],"line":158},"14":{"loc":{"start":{"line":161,"column":4},"end":{"line":163,"column":5}},"type":"if","locations":[{"start":{"line":161,"column":4},"end":{"line":163,"column":5}},{"start":{},"end":{}}],"line":161},"15":{"loc":{"start":{"line":165,"column":4},"end":{"line":167,"column":5}},"type":"if","locations":[{"start":{"line":165,"column":4},"end":{"line":167,"column":5}},{"start":{},"end":{}}],"line":165},"16":{"loc":{"start":{"line":172,"column":4},"end":{"line":174,"column":5}},"type":"if","locations":[{"start":{"line":172,"column":4},"end":{"line":174,"column":5}},{"start":{},"end":{}}],"line":172},"17":{"loc":{"start":{"line":172,"column":8},"end":{"line":172,"column":58}},"type":"binary-expr","locations":[{"start":{"line":172,"column":8},"end":{"line":172,"column":37}},{"start":{"line":172,"column":41},"end":{"line":172,"column":58}}],"line":172},"18":{"loc":{"start":{"line":175,"column":4},"end":{"line":177,"column":5}},"type":"if","locations":[{"start":{"line":175,"column":4},"end":{"line":177,"column":5}},{"start":{},"end":{}}],"line":175},"19":{"loc":{"start":{"line":178,"column":4},"end":{"line":186,"column":5}},"type":"if","locations":[{"start":{"line":178,"column":4},"end":{"line":186,"column":5}},{"start":{},"end":{}}],"line":178},"20":{"loc":{"start":{"line":180,"column":6},"end":{"line":185,"column":7}},"type":"if","locations":[{"start":{"line":180,"column":6},"end":{"line":185,"column":7}},{"start":{},"end":{}}],"line":180},"21":{"loc":{"start":{"line":182,"column":8},"end":{"line":184,"column":9}},"type":"if","locations":[{"start":{"line":182,"column":8},"end":{"line":184,"column":9}},{"start":{},"end":{}}],"line":182},"22":{"loc":{"start":{"line":204,"column":29},"end":{"line":204,"column":40}},"type":"default-arg","locations":[{"start":{"line":204,"column":36},"end":{"line":204,"column":40}}],"line":204},"23":{"loc":{"start":{"line":206,"column":4},"end":{"line":214,"column":5}},"type":"if","locations":[{"start":{"line":206,"column":4},"end":{"line":214,"column":5}},{"start":{},"end":{}}],"line":206},"24":{"loc":{"start":{"line":234,"column":6},"end":{"line":236,"column":7}},"type":"if","locations":[{"start":{"line":234,"column":6},"end":{"line":236,"column":7}},{"start":{},"end":{}}],"line":234}},"s":{"0":1,"1":1,"2":1,"3":1,"4":1,"5":1,"6":0,"7":1,"8":1,"9":9,"10":9,"11":9,"12":0,"13":9,"14":9,"15":0,"16":0,"17":0,"18":0,"19":9,"20":9,"21":9,"22":9,"23":9,"24":9,"25":0,"26":9,"27":0,"28":0,"29":0,"30":5,"31":1,"32":1,"33":4,"34":4,"35":2,"36":2,"37":1,"38":2,"39":2,"40":2,"41":2,"42":1,"43":1,"44":1,"45":1,"46":1,"47":1,"48":1,"49":1,"50":0,"51":0,"52":0,"53":0,"54":0,"55":0,"56":0,"57":0,"58":0,"59":0,"60":0,"61":20,"62":20,"63":20,"64":20,"65":20,"66":0,"67":20,"68":12,"69":3,"70":9,"71":2,"72":7,"73":6,"74":7,"75":2,"76":0,"77":2,"78":0,"79":2,"80":2,"81":2,"82":2,"83":2,"84":2,"85":1,"86":1,"87":1,"88":0,"89":1,"90":1,"91":7,"92":7,"93":5,"94":6,"95":6,"96":1,"97":9,"98":0,"99":0,"100":0,"101":0,"102":9,"103":0,"104":0,"105":9,"106":0,"107":0,"108":0,"109":0,"110":0,"111":20,"112":20,"113":20,"114":1},"f":{"0":0,"1":1,"2":9,"3":0,"4":0,"5":9,"6":0,"7":5,"8":2,"9":1,"10":0,"11":0,"12":20,"13":12,"14":2,"15":1,"16":1,"17":7,"18":6,"19":0,"20":0,"21":0,"22":0},"b":{"0":[1,0],"1":[1,0],"2":[0,9],"3":[0,0],"4":[9,0],"5":[9,0],"6":[1,4],"7":[1,1],"8":[1,1],"9":[0,0],"10":[0,0],"11":[20,0],"12":[3,9],"13":[12,10],"14":[2,7],"15":[6,1],"16":[0,2],"17":[2,2],"18":[0,2],"19":[2,0],"20":[2,0],"21":[2,0],"22":[0],"23":[5,2],"24":[0,0]},"_coverageSchema":"1a1c01bbd47fc00a2c39e90264f33305004495a9","hash":"7a8d4c58c40a5cadb8a7be1e5fc10307d37e3228"}
}
