TN:
SF:services\signalr\service.js
FN:14,(anonymous_0)
FN:17,(anonymous_1)
FN:26,(anonymous_2)
FN:38,(anonymous_3)
FN:43,(anonymous_4)
FN:70,(anonymous_5)
FN:72,(anonymous_6)
FN:86,(anonymous_7)
FN:105,(anonymous_8)
FN:114,(anonymous_9)
FN:122,(anonymous_10)
FN:136,(anonymous_11)
FN:143,(anonymous_12)
FN:157,(anonymous_13)
FN:171,(anonymous_14)
FN:190,(anonymous_15)
FN:191,(anonymous_16)
FN:204,(anonymous_17)
FN:207,(anonymous_18)
FN:229,(anonymous_19)
FN:239,(anonymous_20)
FN:244,(anonymous_21)
FN:248,(anonymous_22)
FNF:23
FNH:13
FNDA:0,(anonymous_0)
FNDA:1,(anonymous_1)
FNDA:9,(anonymous_2)
FNDA:0,(anonymous_3)
FNDA:0,(anonymous_4)
FNDA:9,(anonymous_5)
FNDA:0,(anonymous_6)
FNDA:5,(anonymous_7)
FNDA:2,(anonymous_8)
FNDA:1,(anonymous_9)
FNDA:0,(anonymous_10)
FNDA:0,(anonymous_11)
FNDA:20,(anonymous_12)
FNDA:12,(anonymous_13)
FNDA:2,(anonymous_14)
FNDA:1,(anonymous_15)
FNDA:1,(anonymous_16)
FNDA:7,(anonymous_17)
FNDA:6,(anonymous_18)
FNDA:0,(anonymous_19)
FNDA:0,(anonymous_20)
FNDA:0,(anonymous_21)
FNDA:0,(anonymous_22)
DA:6,1
DA:7,1
DA:8,1
DA:9,1
DA:10,1
DA:11,1
DA:15,0
DA:19,1
DA:20,1
DA:27,9
DA:28,9
DA:29,9
DA:30,0
DA:33,9
DA:36,9
DA:38,0
DA:44,0
DA:45,0
DA:47,0
DA:56,9
DA:60,9
DA:65,9
DA:66,9
DA:68,9
DA:71,9
DA:72,0
DA:77,9
DA:79,0
DA:80,0
DA:82,0
DA:87,5
DA:88,1
DA:89,1
DA:92,4
DA:93,4
DA:94,2
DA:95,2
DA:96,1
DA:98,2
DA:100,2
DA:101,2
DA:106,2
DA:107,1
DA:108,1
DA:111,1
DA:112,1
DA:113,1
DA:114,1
DA:115,1
DA:117,0
DA:118,0
DA:123,0
DA:124,0
DA:125,0
DA:126,0
DA:129,0
DA:130,0
DA:136,0
DA:137,0
DA:138,0
DA:144,20
DA:145,20
DA:146,20
DA:147,20
DA:148,20
DA:150,0
DA:152,20
DA:158,12
DA:159,3
DA:161,9
DA:162,2
DA:165,7
DA:166,6
DA:168,7
DA:172,2
DA:173,0
DA:175,2
DA:176,0
DA:178,2
DA:179,2
DA:180,2
DA:181,2
DA:182,2
DA:183,2
DA:191,1
DA:192,1
DA:193,1
DA:195,0
DA:198,1
DA:201,1
DA:205,7
DA:206,7
DA:207,5
DA:208,6
DA:209,6
DA:211,1
DA:229,9
DA:230,0
DA:231,0
DA:234,0
DA:235,0
DA:239,9
DA:240,0
DA:241,0
DA:244,9
DA:245,0
DA:246,0
DA:248,0
DA:249,0
DA:251,0
DA:256,20
DA:257,20
DA:258,20
DA:262,1
LF:114
LH:78
BRDA:19,0,0,1
BRDA:19,0,1,0
BRDA:22,1,0,1
BRDA:22,1,1,0
BRDA:29,2,0,0
BRDA:29,2,1,9
BRDA:44,3,0,0
BRDA:44,3,1,0
BRDA:57,4,0,9
BRDA:57,4,1,0
BRDA:61,5,0,9
BRDA:61,5,1,0
BRDA:87,6,0,1
BRDA:87,6,1,4
BRDA:95,7,0,1
BRDA:95,7,1,1
BRDA:106,8,0,1
BRDA:106,8,1,1
BRDA:123,9,0,0
BRDA:123,9,1,0
BRDA:137,10,0,0
BRDA:137,10,1,0
BRDA:144,11,0,20
BRDA:144,11,1,0
BRDA:158,12,0,3
BRDA:158,12,1,9
BRDA:158,13,0,12
BRDA:158,13,1,10
BRDA:161,14,0,2
BRDA:161,14,1,7
BRDA:165,15,0,6
BRDA:165,15,1,1
BRDA:172,16,0,0
BRDA:172,16,1,2
BRDA:172,17,0,2
BRDA:172,17,1,2
BRDA:175,18,0,0
BRDA:175,18,1,2
BRDA:178,19,0,2
BRDA:178,19,1,0
BRDA:180,20,0,2
BRDA:180,20,1,0
BRDA:182,21,0,2
BRDA:182,21,1,0
BRDA:204,22,0,0
BRDA:206,23,0,5
BRDA:206,23,1,2
BRDA:234,24,0,0
BRDA:234,24,1,0
BRF:49
BRH:29
end_of_record
